\BOOKMARK [0][-]{chapter.1}{\376\377\000N\000a\000m\000e\000s\000p\000a\000c\000e\000\040\000I\000n\000d\000e\000x}{}% 1
\BOOKMARK [1][-]{section.1.1}{\376\377\000P\000a\000c\000k\000a\000g\000e\000s}{chapter.1}% 2
\BOOKMARK [0][-]{chapter.2}{\376\377\000H\000i\000e\000r\000a\000r\000c\000h\000i\000c\000a\000l\000\040\000I\000n\000d\000e\000x}{}% 3
\BOOKMARK [1][-]{section.2.1}{\376\377\000C\000l\000a\000s\000s\000\040\000H\000i\000e\000r\000a\000r\000c\000h\000y}{chapter.2}% 4
\BOOKMARK [0][-]{chapter.3}{\376\377\000C\000l\000a\000s\000s\000\040\000I\000n\000d\000e\000x}{}% 5
\BOOKMARK [1][-]{section.3.1}{\376\377\000C\000l\000a\000s\000s\000\040\000L\000i\000s\000t}{chapter.3}% 6
\BOOKMARK [0][-]{chapter.4}{\376\377\000N\000a\000m\000e\000s\000p\000a\000c\000e\000\040\000D\000o\000c\000u\000m\000e\000n\000t\000a\000t\000i\000o\000n}{}% 7
\BOOKMARK [1][-]{section.4.1}{\376\377\000P\000a\000c\000k\000a\000g\000e\000\040\000S\000e\000r\000v\000i\000c\000e\000L\000i\000b\000r\000a\000r\000y}{chapter.4}% 8
\BOOKMARK [1][-]{section.4.2}{\376\377\000P\000a\000c\000k\000a\000g\000e\000\040\000S\000e\000r\000v\000i\000c\000e\000L\000i\000b\000r\000a\000r\000y\000.\000D\000a\000t\000a\000b\000a\000s\000e}{chapter.4}% 9
\BOOKMARK [1][-]{section.4.3}{\376\377\000P\000a\000c\000k\000a\000g\000e\000\040\000W\000i\000n\000d\000o\000w\000s\000S\000e\000r\000v\000i\000c\000e}{chapter.4}% 10
\BOOKMARK [0][-]{chapter.5}{\376\377\000C\000l\000a\000s\000s\000\040\000D\000o\000c\000u\000m\000e\000n\000t\000a\000t\000i\000o\000n}{}% 11
\BOOKMARK [1][-]{section.5.1}{\376\377\000S\000e\000r\000v\000i\000c\000e\000L\000i\000b\000r\000a\000r\000y\000.\000A\000u\000t\000h\000\040\000C\000l\000a\000s\000s\000\040\000R\000e\000f\000e\000r\000e\000n\000c\000e}{chapter.5}% 12
\BOOKMARK [2][-]{subsection.5.1.1}{\376\377\000D\000e\000t\000a\000i\000l\000e\000d\000\040\000D\000e\000s\000c\000r\000i\000p\000t\000i\000o\000n}{section.5.1}% 13
\BOOKMARK [2][-]{subsection.5.1.2}{\376\377\000M\000e\000m\000b\000e\000r\000\040\000F\000u\000n\000c\000t\000i\000o\000n\000\040\000D\000o\000c\000u\000m\000e\000n\000t\000a\000t\000i\000o\000n}{section.5.1}% 14
\BOOKMARK [3][-]{subsubsection.5.1.2.1}{\376\377\000l\000o\000g\000i\000n}{subsection.5.1.2}% 15
\BOOKMARK [3][-]{subsubsection.5.1.2.2}{\376\377\000r\000e\000g\000i\000s\000t\000e\000r}{subsection.5.1.2}% 16
\BOOKMARK [1][-]{section.5.2}{\376\377\000S\000e\000r\000v\000i\000c\000e\000L\000i\000b\000r\000a\000r\000y\000.\000D\000a\000t\000a\000b\000a\000s\000e\000.\000f\000l\000e\000a\000m\000a\000r\000k\000e\000t\000\137\000a\000d\000d\000r\000e\000s\000s\000e\000s\000\040\000C\000l\000a\000s\000s\000\040\000R\000e\000f\000e\000r\000e\000n\000c\000e}{chapter.5}% 17
\BOOKMARK [1][-]{section.5.3}{\376\377\000S\000e\000r\000v\000i\000c\000e\000L\000i\000b\000r\000a\000r\000y\000.\000D\000a\000t\000a\000b\000a\000s\000e\000.\000f\000l\000e\000a\000m\000a\000r\000k\000e\000t\000\137\000i\000t\000e\000m\000s\000\040\000C\000l\000a\000s\000s\000\040\000R\000e\000f\000e\000r\000e\000n\000c\000e}{chapter.5}% 18
\BOOKMARK [1][-]{section.5.4}{\376\377\000S\000e\000r\000v\000i\000c\000e\000L\000i\000b\000r\000a\000r\000y\000.\000D\000a\000t\000a\000b\000a\000s\000e\000.\000f\000l\000e\000a\000m\000a\000r\000k\000e\000t\000\137\000o\000p\000e\000n\000i\000n\000g\000s\000\040\000C\000l\000a\000s\000s\000\040\000R\000e\000f\000e\000r\000e\000n\000c\000e}{chapter.5}% 19
\BOOKMARK [1][-]{section.5.5}{\376\377\000S\000e\000r\000v\000i\000c\000e\000L\000i\000b\000r\000a\000r\000y\000.\000D\000a\000t\000a\000b\000a\000s\000e\000.\000f\000l\000e\000a\000m\000a\000r\000k\000e\000t\000\137\000r\000e\000v\000i\000e\000w\000s\000\040\000C\000l\000a\000s\000s\000\040\000R\000e\000f\000e\000r\000e\000n\000c\000e}{chapter.5}% 20
\BOOKMARK [1][-]{section.5.6}{\376\377\000S\000e\000r\000v\000i\000c\000e\000L\000i\000b\000r\000a\000r\000y\000.\000D\000a\000t\000a\000b\000a\000s\000e\000.\000f\000l\000e\000a\000m\000a\000r\000k\000e\000t\000s\000\040\000C\000l\000a\000s\000s\000\040\000R\000e\000f\000e\000r\000e\000n\000c\000e}{chapter.5}% 21
\BOOKMARK [1][-]{section.5.7}{\376\377\000S\000e\000r\000v\000i\000c\000e\000L\000i\000b\000r\000a\000r\000y\000.\000I\000R\000e\000s\000t\000S\000e\000r\000v\000i\000c\000e\000\040\000I\000n\000t\000e\000r\000f\000a\000c\000e\000\040\000R\000e\000f\000e\000r\000e\000n\000c\000e}{chapter.5}% 22
\BOOKMARK [2][-]{subsection.5.7.1}{\376\377\000D\000e\000t\000a\000i\000l\000e\000d\000\040\000D\000e\000s\000c\000r\000i\000p\000t\000i\000o\000n}{section.5.7}% 23
\BOOKMARK [2][-]{subsection.5.7.2}{\376\377\000M\000e\000m\000b\000e\000r\000\040\000F\000u\000n\000c\000t\000i\000o\000n\000\040\000D\000o\000c\000u\000m\000e\000n\000t\000a\000t\000i\000o\000n}{section.5.7}% 24
\BOOKMARK [3][-]{subsubsection.5.7.2.1}{\376\377\000c\000r\000e\000a\000t\000e\000F\000l\000e\000a\000M\000a\000r\000k\000e\000t}{subsection.5.7.2}% 25
\BOOKMARK [3][-]{subsubsection.5.7.2.2}{\376\377\000c\000r\000e\000a\000t\000e\000O\000p\000e\000n\000i\000n\000g}{subsection.5.7.2}% 26
\BOOKMARK [3][-]{subsubsection.5.7.2.3}{\376\377\000c\000r\000e\000a\000t\000e\000R\000e\000v\000i\000e\000w}{subsection.5.7.2}% 27
\BOOKMARK [3][-]{subsubsection.5.7.2.4}{\376\377\000d\000e\000l\000e\000t\000e\000F\000l\000e\000a\000M\000a\000r\000k\000e\000t}{subsection.5.7.2}% 28
\BOOKMARK [3][-]{subsubsection.5.7.2.5}{\376\377\000d\000e\000l\000e\000t\000e\000O\000p\000e\000n\000i\000n\000g}{subsection.5.7.2}% 29
\BOOKMARK [3][-]{subsubsection.5.7.2.6}{\376\377\000d\000e\000l\000e\000t\000e\000R\000e\000v\000i\000e\000w}{subsection.5.7.2}% 30
\BOOKMARK [3][-]{subsubsection.5.7.2.7}{\376\377\000f\000l\000e\000a\000m\000a\000r\000k\000e\000t\000D\000e\000s\000c\000r\000i\000p\000t\000i\000o\000n}{subsection.5.7.2}% 31
\BOOKMARK [3][-]{subsubsection.5.7.2.8}{\376\377\000f\000l\000e\000a\000m\000a\000r\000k\000e\000t\000L\000i\000s\000t}{subsection.5.7.2}% 32
\BOOKMARK [3][-]{subsubsection.5.7.2.9}{\376\377\000l\000o\000g\000i\000n}{subsection.5.7.2}% 33
\BOOKMARK [3][-]{subsubsection.5.7.2.10}{\376\377\000r\000e\000g\000i\000s\000t\000e\000r}{subsection.5.7.2}% 34
\BOOKMARK [3][-]{subsubsection.5.7.2.11}{\376\377\000u\000p\000d\000a\000t\000e\000F\000l\000e\000a\000M\000a\000r\000k\000e\000t}{subsection.5.7.2}% 35
\BOOKMARK [3][-]{subsubsection.5.7.2.12}{\376\377\000u\000p\000d\000a\000t\000e\000O\000p\000e\000n\000i\000n\000g}{subsection.5.7.2}% 36
\BOOKMARK [3][-]{subsubsection.5.7.2.13}{\376\377\000u\000p\000d\000a\000t\000e\000R\000e\000v\000i\000e\000w}{subsection.5.7.2}% 37
\BOOKMARK [1][-]{section.5.8}{\376\377\000W\000i\000n\000d\000o\000w\000s\000S\000e\000r\000v\000i\000c\000e\000.\000P\000r\000o\000g\000r\000a\000m\000\040\000C\000l\000a\000s\000s\000\040\000R\000e\000f\000e\000r\000e\000n\000c\000e}{chapter.5}% 38
\BOOKMARK [1][-]{section.5.9}{\376\377\000W\000i\000n\000d\000o\000w\000s\000S\000e\000r\000v\000i\000c\000e\000.\000P\000r\000o\000j\000e\000c\000t\000I\000n\000s\000t\000a\000l\000l\000e\000r\000\040\000C\000l\000a\000s\000s\000\040\000R\000e\000f\000e\000r\000e\000n\000c\000e}{chapter.5}% 39
\BOOKMARK [2][-]{subsection.5.9.1}{\376\377\000M\000e\000m\000b\000e\000r\000\040\000F\000u\000n\000c\000t\000i\000o\000n\000\040\000D\000o\000c\000u\000m\000e\000n\000t\000a\000t\000i\000o\000n}{section.5.9}% 40
\BOOKMARK [3][-]{subsubsection.5.9.1.1}{\376\377\000D\000i\000s\000p\000o\000s\000e}{subsection.5.9.1}% 41
\BOOKMARK [1][-]{section.5.10}{\376\377\000S\000e\000r\000v\000i\000c\000e\000L\000i\000b\000r\000a\000r\000y\000.\000R\000e\000s\000p\000o\000n\000s\000e\000\040\000C\000l\000a\000s\000s\000\040\000R\000e\000f\000e\000r\000e\000n\000c\000e}{chapter.5}% 42
\BOOKMARK [2][-]{subsection.5.10.1}{\376\377\000D\000e\000t\000a\000i\000l\000e\000d\000\040\000D\000e\000s\000c\000r\000i\000p\000t\000i\000o\000n}{section.5.10}% 43
\BOOKMARK [2][-]{subsection.5.10.2}{\376\377\000M\000e\000m\000b\000e\000r\000\040\000F\000u\000n\000c\000t\000i\000o\000n\000\040\000D\000o\000c\000u\000m\000e\000n\000t\000a\000t\000i\000o\000n}{section.5.10}% 44
\BOOKMARK [3][-]{subsubsection.5.10.2.1}{\376\377\000S\000e\000r\000i\000a\000l\000i\000z\000e}{subsection.5.10.2}% 45
\BOOKMARK [1][-]{section.5.11}{\376\377\000S\000e\000r\000v\000i\000c\000e\000L\000i\000b\000r\000a\000r\000y\000.\000D\000a\000t\000a\000b\000a\000s\000e\000.\000R\000e\000s\000t\000E\000n\000t\000i\000t\000i\000e\000s\000\040\000C\000l\000a\000s\000s\000\040\000R\000e\000f\000e\000r\000e\000n\000c\000e}{chapter.5}% 46
\BOOKMARK [1][-]{section.5.12}{\376\377\000S\000e\000r\000v\000i\000c\000e\000L\000i\000b\000r\000a\000r\000y\000.\000R\000e\000s\000t\000S\000e\000r\000v\000i\000c\000e\000\040\000C\000l\000a\000s\000s\000\040\000R\000e\000f\000e\000r\000e\000n\000c\000e}{chapter.5}% 47
\BOOKMARK [2][-]{subsection.5.12.1}{\376\377\000M\000e\000m\000b\000e\000r\000\040\000F\000u\000n\000c\000t\000i\000o\000n\000\040\000D\000o\000c\000u\000m\000e\000n\000t\000a\000t\000i\000o\000n}{section.5.12}% 48
\BOOKMARK [3][-]{subsubsection.5.12.1.1}{\376\377\000c\000r\000e\000a\000t\000e\000F\000l\000e\000a\000M\000a\000r\000k\000e\000t}{subsection.5.12.1}% 49
\BOOKMARK [3][-]{subsubsection.5.12.1.2}{\376\377\000c\000r\000e\000a\000t\000e\000O\000p\000e\000n\000i\000n\000g}{subsection.5.12.1}% 50
\BOOKMARK [3][-]{subsubsection.5.12.1.3}{\376\377\000c\000r\000e\000a\000t\000e\000R\000e\000v\000i\000e\000w}{subsection.5.12.1}% 51
\BOOKMARK [3][-]{subsubsection.5.12.1.4}{\376\377\000d\000e\000l\000e\000t\000e\000F\000l\000e\000a\000M\000a\000r\000k\000e\000t}{subsection.5.12.1}% 52
\BOOKMARK [3][-]{subsubsection.5.12.1.5}{\376\377\000d\000e\000l\000e\000t\000e\000O\000p\000e\000n\000i\000n\000g}{subsection.5.12.1}% 53
\BOOKMARK [3][-]{subsubsection.5.12.1.6}{\376\377\000d\000e\000l\000e\000t\000e\000R\000e\000v\000i\000e\000w}{subsection.5.12.1}% 54
\BOOKMARK [3][-]{subsubsection.5.12.1.7}{\376\377\000f\000l\000e\000a\000m\000a\000r\000k\000e\000t\000D\000e\000s\000c\000r\000i\000p\000t\000i\000o\000n}{subsection.5.12.1}% 55
\BOOKMARK [3][-]{subsubsection.5.12.1.8}{\376\377\000f\000l\000e\000a\000m\000a\000r\000k\000e\000t\000L\000i\000s\000t}{subsection.5.12.1}% 56
\BOOKMARK [3][-]{subsubsection.5.12.1.9}{\376\377\000l\000o\000g\000i\000n}{subsection.5.12.1}% 57
\BOOKMARK [3][-]{subsubsection.5.12.1.10}{\376\377\000r\000e\000g\000i\000s\000t\000e\000r}{subsection.5.12.1}% 58
\BOOKMARK [3][-]{subsubsection.5.12.1.11}{\376\377\000u\000p\000d\000a\000t\000e\000F\000l\000e\000a\000M\000a\000r\000k\000e\000t}{subsection.5.12.1}% 59
\BOOKMARK [3][-]{subsubsection.5.12.1.12}{\376\377\000u\000p\000d\000a\000t\000e\000O\000p\000e\000n\000i\000n\000g}{subsection.5.12.1}% 60
\BOOKMARK [3][-]{subsubsection.5.12.1.13}{\376\377\000u\000p\000d\000a\000t\000e\000R\000e\000v\000i\000e\000w}{subsection.5.12.1}% 61
\BOOKMARK [1][-]{section.5.13}{\376\377\000W\000i\000n\000d\000o\000w\000s\000S\000e\000r\000v\000i\000c\000e\000.\000S\000e\000r\000v\000i\000c\000e\000\040\000C\000l\000a\000s\000s\000\040\000R\000e\000f\000e\000r\000e\000n\000c\000e}{chapter.5}% 62
\BOOKMARK [2][-]{subsection.5.13.1}{\376\377\000M\000e\000m\000b\000e\000r\000\040\000F\000u\000n\000c\000t\000i\000o\000n\000\040\000D\000o\000c\000u\000m\000e\000n\000t\000a\000t\000i\000o\000n}{section.5.13}% 63
\BOOKMARK [3][-]{subsubsection.5.13.1.1}{\376\377\000D\000i\000s\000p\000o\000s\000e}{subsection.5.13.1}% 64
\BOOKMARK [1][-]{section.5.14}{\376\377\000S\000e\000r\000v\000i\000c\000e\000L\000i\000b\000r\000a\000r\000y\000.\000D\000a\000t\000a\000b\000a\000s\000e\000.\000u\000s\000e\000r\000s\000\040\000C\000l\000a\000s\000s\000\040\000R\000e\000f\000e\000r\000e\000n\000c\000e}{chapter.5}% 65
\BOOKMARK [1][-]{section.5.15}{\376\377\000S\000e\000r\000v\000i\000c\000e\000L\000i\000b\000r\000a\000r\000y\000.\000U\000t\000i\000l\000i\000t\000y\000\040\000C\000l\000a\000s\000s\000\040\000R\000e\000f\000e\000r\000e\000n\000c\000e}{chapter.5}% 66
\BOOKMARK [2][-]{subsection.5.15.1}{\376\377\000D\000e\000t\000a\000i\000l\000e\000d\000\040\000D\000e\000s\000c\000r\000i\000p\000t\000i\000o\000n}{section.5.15}% 67
\BOOKMARK [2][-]{subsection.5.15.2}{\376\377\000M\000e\000m\000b\000e\000r\000\040\000E\000n\000u\000m\000e\000r\000a\000t\000i\000o\000n\000\040\000D\000o\000c\000u\000m\000e\000n\000t\000a\000t\000i\000o\000n}{section.5.15}% 68
\BOOKMARK [3][-]{subsubsection.5.15.2.1}{\376\377\000F\000l\000e\000a\000m\000a\000r\000k\000e\000t\000C\000a\000t\000e\000g\000o\000r\000y}{subsection.5.15.2}% 69
\BOOKMARK [2][-]{subsection.5.15.3}{\376\377\000M\000e\000m\000b\000e\000r\000\040\000F\000u\000n\000c\000t\000i\000o\000n\000\040\000D\000o\000c\000u\000m\000e\000n\000t\000a\000t\000i\000o\000n}{section.5.15}% 70
\BOOKMARK [3][-]{subsubsection.5.15.3.1}{\376\377\000f\000l\000e\000a\000m\000a\000r\000k\000e\000t\000V\000a\000l\000i\000d\000a\000t\000e\000R\000u\000l\000e\000s}{subsection.5.15.3}% 71
\BOOKMARK [3][-]{subsubsection.5.15.3.2}{\376\377\000o\000p\000e\000n\000i\000n\000g\000V\000a\000l\000i\000d\000a\000t\000e\000R\000u\000l\000e\000s}{subsection.5.15.3}% 72
\BOOKMARK [3][-]{subsubsection.5.15.3.3}{\376\377\000r\000e\000v\000i\000e\000w\000V\000a\000l\000i\000d\000a\000t\000e\000R\000u\000l\000e\000s}{subsection.5.15.3}% 73
\BOOKMARK [1][-]{section.5.16}{\376\377\000S\000e\000r\000v\000i\000c\000e\000L\000i\000b\000r\000a\000r\000y\000.\000W\000r\000a\000p\000p\000e\000r\000\040\000C\000l\000a\000s\000s\000\040\000R\000e\000f\000e\000r\000e\000n\000c\000e}{chapter.5}% 74
\BOOKMARK [2][-]{subsection.5.16.1}{\376\377\000D\000e\000t\000a\000i\000l\000e\000d\000\040\000D\000e\000s\000c\000r\000i\000p\000t\000i\000o\000n}{section.5.16}% 75
\BOOKMARK [2][-]{subsection.5.16.2}{\376\377\000C\000o\000n\000s\000t\000r\000u\000c\000t\000o\000r\000\040\000\046\000\040\000D\000e\000s\000t\000r\000u\000c\000t\000o\000r\000\040\000D\000o\000c\000u\000m\000e\000n\000t\000a\000t\000i\000o\000n}{section.5.16}% 76
\BOOKMARK [3][-]{subsubsection.5.16.2.1}{\376\377\000W\000r\000a\000p\000p\000e\000r}{subsection.5.16.2}% 77
\BOOKMARK [-1][-]{section*.24}{\376\377\000I\000n\000d\000e\000x}{}% 78
